Traceback (most recent call last):
  File "src/manage.py", line 10, in <module>
    execute_from_command_line(sys.argv)
  File "/opt/.virtualenvs/pretix/lib/python3.7/site-packages/django/core/management/__init__.py", line 401, in execute_from_command_line
    utility.execute()
  File "/opt/.virtualenvs/pretix/lib/python3.7/site-packages/django/core/management/__init__.py", line 357, in execute
    autoreload.check_errors(django.setup)()
  File "/opt/.virtualenvs/pretix/lib/python3.7/site-packages/django/utils/autoreload.py", line 53, in wrapper
    fn(*args, **kwargs)
  File "/opt/.virtualenvs/pretix/lib/python3.7/site-packages/django/__init__.py", line 24, in setup
    apps.populate(settings.INSTALLED_APPS)
  File "/opt/.virtualenvs/pretix/lib/python3.7/site-packages/django/apps/registry.py", line 114, in populate
    app_config.import_models()
  File "/opt/.virtualenvs/pretix/lib/python3.7/site-packages/django/apps/config.py", line 211, in import_models
    self.models_module = import_module(models_module_name)
  File "/opt/.virtualenvs/pretix/lib64/python3.7/importlib/__init__.py", line 127, in import_module
    return _bootstrap._gcd_import(name[level:], package, level)
  File "<frozen importlib._bootstrap>", line 1006, in _gcd_import
  File "<frozen importlib._bootstrap>", line 983, in _find_and_load
  File "<frozen importlib._bootstrap>", line 967, in _find_and_load_unlocked
  File "<frozen importlib._bootstrap>", line 677, in _load_unlocked
  File "<frozen importlib._bootstrap_external>", line 728, in exec_module
  File "<frozen importlib._bootstrap>", line 219, in _call_with_frames_removed
  File "/opt/pretix/src/pretix/base/models/__init__.py", line 19, in <module>
    from .orders import (
  File "/opt/pretix/src/pretix/base/models/orders.py", line 39, in <module>
    from pretix.base.email import get_email_context
  File "/opt/pretix/src/pretix/base/email.py", line 21, in <module>
    from pretix.base.templatetags.rich_text import markdown_compile_email
  File "/opt/pretix/src/pretix/base/templatetags/rich_text.py", line 70, in <module>
    EMAIL_RE = build_email_re(tlds=sorted(tld_set, key=len, reverse=True))
  File "/opt/.virtualenvs/pretix/lib/python3.7/site-packages/bleach/linkifier.py", line 83, in build_email_re
    re.IGNORECASE | re.MULTILINE | re.VERBOSE)
  File "/opt/.virtualenvs/pretix/lib64/python3.7/re.py", line 236, in compile
    return _compile(pattern, flags)
  File "/opt/.virtualenvs/pretix/lib64/python3.7/re.py", line 288, in _compile
    p = sre_compile.compile(pattern, flags)
  File "/opt/.virtualenvs/pretix/lib64/python3.7/sre_compile.py", line 764, in compile
    p = sre_parse.parse(p, flags)
  File "/opt/.virtualenvs/pretix/lib64/python3.7/sre_parse.py", line 924, in parse
    p = _parse_sub(source, pattern, flags & SRE_FLAG_VERBOSE, 0)
  File "/opt/.virtualenvs/pretix/lib64/python3.7/sre_parse.py", line 420, in _parse_sub
    not nested and not items))
  File "/opt/.virtualenvs/pretix/lib64/python3.7/sre_parse.py", line 815, in _parse
    state.closegroup(group, p)
  File "/opt/.virtualenvs/pretix/lib64/python3.7/sre_parse.py", line 97, in closegroup
    self.groupwidths[gid] = p.getwidth()
  File "/opt/.virtualenvs/pretix/lib64/python3.7/sre_parse.py", line 184, in getwidth
    l, h = av.getwidth()
  File "/opt/.virtualenvs/pretix/lib64/python3.7/sre_parse.py", line 189, in getwidth
    elif op is CALL:
KeyboardInterrupt
DEBUG 2020-09-14 13:36:48,069 asyncio selector_events Using selector: EpollSelector
